<?xml version="1.0" encoding="UTF-8"?>
<!-- Generated by org.testng.reporters.JUnitXMLReporter -->
<testsuite ignored="2" hostname="LAPTOP-DOBLN3AU" failures="0" tests="3" name="AnnotationTest" time="0.041" errors="0" timestamp="2021-10-18T16:51:20 IST">
  <testcase classname="com.qa.testNGScripts.Annotations5" name="testcase1" time="0.004"/>
  <testcase classname="com.qa.testNGScripts.Annotations5" name="testcase2" time="0.004"/>
  <testcase classname="com.qa.testNGScripts.Annotations5" name="testcase3" time="0.002"/>
  <testcase classname="com.qa.testNGScripts.Annotations5" name="testcase4" time="0.0">
    <ignored/>
  </testcase> <!-- testcase4 -->
  <testcase classname="com.qa.testNGScripts.Annotations5" name="testcase5" time="0.0">
    <ignored/>
  </testcase> <!-- testcase5 -->
</testsuite> <!-- AnnotationTest -->
