<?xml version="1.0" encoding="UTF-8"?>
<!-- Generated by org.testng.reporters.JUnitXMLReporter -->
<testsuite ignored="0" hostname="LAPTOP-DOBLN3AU" failures="0" tests="4" name="AnnotationTest3" time="0.016" errors="0" timestamp="2021-10-18T16:51:20 IST">
  <testcase classname="com.qa.testNGScripts.Annotations3" name="login" time="0.001"/>
  <testcase classname="com.qa.testNGScripts.Annotations3" name="CreateEmail" time="0.001"/>
  <testcase classname="com.qa.testNGScripts.Annotations3" name="ModifyEmail" time="0.001"/>
  <testcase classname="com.qa.testNGScripts.Annotations3" name="DeleteEmail" time="0.0"/>
</testsuite> <!-- AnnotationTest3 -->
