<?xml version="1.0" encoding="UTF-8"?>
<!-- Generated by org.testng.reporters.JUnitXMLReporter -->
<testsuite ignored="0" hostname="LAPTOP-DOBLN3AU" failures="0" tests="4" name="AnnotationTest1" time="0.015" errors="0" timestamp="2021-10-18T16:23:00 IST">
  <testcase classname="com.qa.testNGScripts.Annotations3" name="login" time="0.0"/>
  <testcase classname="com.qa.testNGScripts.Annotations3" name="CreateEmail" time="0.002"/>
  <testcase classname="com.qa.testNGScripts.Annotations3" name="ModifyEmail" time="0.0"/>
  <testcase classname="com.qa.testNGScripts.Annotations3" name="DeleteEmail" time="0.002"/>
</testsuite> <!-- AnnotationTest1 -->
