<?xml version="1.0" encoding="UTF-8"?>
<!-- Generated by org.testng.reporters.JUnitXMLReporter -->
<testsuite ignored="0" hostname="LAPTOP-DOBLN3AU" failures="1" tests="3" name="ParameterTest1" time="12.833" errors="0" timestamp="2021-10-19T17:24:28 IST">
  <testcase classname="com.qa.testnsDemoListener.ParameterXMLDemo" name="TestDataDemo" time="2.368"/>
  <testcase classname="com.qa.testnsDemoListener.ParameterXMLDemo" name="testOne" time="0.004">
    <failure type="java.lang.AssertionError" message="expected [true] but found [false]">
      <![CDATA[java.lang.AssertionError: expected [true] but found [false]
at com.qa.testnsDemoListener.ParameterXMLDemo.testOne(ParameterXMLDemo.java:45)
at java.base/java.util.ArrayList.forEach(ArrayList.java:1540)
... Removed 31 stack frames]]>
    </failure>
  </testcase> <!-- testOne -->
  <testcase classname="com.qa.testnsDemoListener.ParameterXMLDemo" name="testMethodSkip" time="0.003">
    <skipped/>
  </testcase> <!-- testMethodSkip -->
</testsuite> <!-- ParameterTest1 -->
