<?xml version="1.0" encoding="UTF-8"?>
<!-- Generated by org.testng.reporters.JUnitXMLReporter -->
<testsuite ignored="0" hostname="LAPTOP-DOBLN3AU" failures="0" tests="2" name="RediffPageTest" time="15.697" errors="0" timestamp="2021-10-18T17:41:04 IST">
  <testcase classname="com.qa.testNGScripts.TestNGSeleniumScript2" name="TestCreateAccount" time="1.01"/>
  <testcase classname="com.qa.testNGScripts.TestNGSeleniumScript2" name="AccountTest" time="0.099"/>
</testsuite> <!-- RediffPageTest -->
