<?xml version="1.0" encoding="UTF-8"?>
<!-- Generated by org.testng.reporters.JUnitXMLReporter -->
<testsuite ignored="0" hostname="LAPTOP-DOBLN3AU" failures="1" tests="1" name="ScreenshotListenerTest" time="1.859" errors="0" timestamp="2021-10-19T17:42:38 IST">
  <testcase classname="com.qa.LtestNG.FailListener.DemoTest" name="Openpage" time="1.024">
    <failure type="java.lang.AssertionError" message="expected [true] but found [false]">
      <![CDATA[java.lang.AssertionError: expected [true] but found [false]
at com.qa.LtestNG.FailListener.DemoTest.Openpage(DemoTest.java:12)
at java.base/java.util.ArrayList.forEach(ArrayList.java:1540)
... Removed 31 stack frames]]>
    </failure>
  </testcase> <!-- Openpage -->
</testsuite> <!-- ScreenshotListenerTest -->
