<?xml version="1.0" encoding="UTF-8"?>
<testng-results ignored="0" total="4" passed="4" failed="0" skipped="0">
  <reporter-output>
  </reporter-output>
  <suite started-at="2021-10-18T17:40:49 IST" name="Suite1" finished-at="2021-10-18T17:41:04 IST" duration-ms="15697">
    <groups>
    </groups>
    <test started-at="2021-10-18T17:40:49 IST" name="WikiPageTest" finished-at="2021-10-18T17:41:03 IST" duration-ms="14017">
      <class name="com.qa.testNGScripts.TestNGSeleniumScript">
        <test-method is-config="true" signature="initialSetup()[pri:0, instance:com.qa.testNGScripts.TestNGSeleniumScript@4d02f94e]" started-at="2021-10-18T17:40:49 IST" name="initialSetup" finished-at="2021-10-18T17:40:53 IST" duration-ms="4513" status="PASS">
          <reporter-output>
          </reporter-output>
        </test-method> <!-- initialSetup -->
        <test-method signature="TestWikiHomePage()[pri:49, instance:com.qa.testNGScripts.TestNGSeleniumScript@4d02f94e]" started-at="2021-10-18T17:40:53 IST" name="TestWikiHomePage" description="test Wikipedia homepage" finished-at="2021-10-18T17:40:58 IST" duration-ms="4216" status="PASS">
          <reporter-output>
          </reporter-output>
        </test-method> <!-- TestWikiHomePage -->
        <test-method signature="testmainpage()[pri:50, instance:com.qa.testNGScripts.TestNGSeleniumScript@4d02f94e]" started-at="2021-10-18T17:40:58 IST" name="testmainpage" description="test Wikipedia Searchpage" finished-at="2021-10-18T17:41:03 IST" duration-ms="5234" status="PASS">
          <reporter-output>
          </reporter-output>
        </test-method> <!-- testmainpage -->
      </class> <!-- com.qa.testNGScripts.TestNGSeleniumScript -->
    </test> <!-- WikiPageTest -->
    <test started-at="2021-10-18T17:40:49 IST" name="RediffPageTest" finished-at="2021-10-18T17:41:04 IST" duration-ms="15697">
      <class name="com.qa.testNGScripts.TestNGSeleniumScript2">
        <test-method is-config="true" signature="setup()[pri:0, instance:com.qa.testNGScripts.TestNGSeleniumScript2@1af2d44a]" started-at="2021-10-18T17:40:49 IST" name="setup" finished-at="2021-10-18T17:40:59 IST" duration-ms="10523" status="PASS">
          <reporter-output>
          </reporter-output>
        </test-method> <!-- setup -->
        <test-method signature="TestCreateAccount()[pri:49, instance:com.qa.testNGScripts.TestNGSeleniumScript2@1af2d44a]" started-at="2021-10-18T17:40:59 IST" name="TestCreateAccount" finished-at="2021-10-18T17:41:00 IST" duration-ms="1010" status="PASS">
          <reporter-output>
          </reporter-output>
        </test-method> <!-- TestCreateAccount -->
        <test-method signature="AccountTest()[pri:50, instance:com.qa.testNGScripts.TestNGSeleniumScript2@1af2d44a]" started-at="2021-10-18T17:41:00 IST" name="AccountTest" finished-at="2021-10-18T17:41:00 IST" duration-ms="99" status="PASS">
          <reporter-output>
          </reporter-output>
        </test-method> <!-- AccountTest -->
        <test-method is-config="true" signature="lastmethod()[pri:0, instance:com.qa.testNGScripts.TestNGSeleniumScript2@1af2d44a]" started-at="2021-10-18T17:41:00 IST" name="lastmethod" finished-at="2021-10-18T17:41:04 IST" duration-ms="4027" status="PASS">
          <reporter-output>
          </reporter-output>
        </test-method> <!-- lastmethod -->
      </class> <!-- com.qa.testNGScripts.TestNGSeleniumScript2 -->
    </test> <!-- RediffPageTest -->
  </suite> <!-- Suite1 -->
</testng-results>
